<?xml version="1.0" encoding="UTF-8" ?>
<testsuite tests="9" failures="0" name="SightingTest" time="2.124" errors="0" skipped="0">
  <properties>
[...]
</properties>
  <testcase classname="SightingTest" name="save_insertsObjectIntoDatabase" time="0.898"/>
  <testcase classname="SightingTest" name="getLocation_sightingInstantiatesWithLocation" time="0.619"/>
  <testcase classname="SightingTest" name="equals_returnsTrueIfAllPropertiesAreTheSame" time="0.084"/>
  <testcase classname="SightingTest" name="getId_sightingInstantiatesWithId" time="0.086"/>
  <testcase classname="SightingTest" name="Sighting_instantiatesCorrectly" time="0.056"/>
  <testcase classname="SightingTest" name="find_returnsSightingWithSameId_secondSighting" time="0.139"/>
  <testcase classname="SightingTest" name="getAnimalId_sightingInstantiatesWithAnimalId" time="0.084"/>
  <testcase classname="SightingTest" name="save_assignsIdToObject" time="0.074"/>
  <testcase classname="SightingTest" name="getRangerName_sightingInstantiatesWithRangerName" time="0.084"/>
</testsuite>